<?xml version="1.0" encoding="UTF-8"?>
<testng-results ignored="0" total="1" passed="1" failed="0" skipped="0">
  <reporter-output>
  </reporter-output>
  <suite started-at="2021-06-25T19:17:37Z" name="Default suite" finished-at="2021-06-25T19:17:46Z" duration-ms="8660">
    <groups>
    </groups>
    <test started-at="2021-06-25T19:17:37Z" name="Default test" finished-at="2021-06-25T19:17:46Z" duration-ms="8660">
      <class name="com.synity.test.AddNewtargetTest">
        <test-method is-config="true" signature="setUp()[pri:0, instance:com.synity.test.AddNewtargetTest@7d898981]" started-at="2021-06-25T19:17:37Z" name="setUp" finished-at="2021-06-25T19:17:45Z" duration-ms="7903" status="PASS">
          <reporter-output>
          </reporter-output>
        </test-method> <!-- setUp -->
        <test-method signature="launchGoogle()[pri:0, instance:com.synity.test.AddNewtargetTest@7d898981]" started-at="2021-06-25T19:17:45Z" name="launchGoogle" finished-at="2021-06-25T19:17:45Z" duration-ms="18" status="PASS">
          <reporter-output>
          </reporter-output>
        </test-method> <!-- launchGoogle -->
        <test-method is-config="true" signature="tearDown()[pri:0, instance:com.synity.test.AddNewtargetTest@7d898981]" started-at="2021-06-25T19:17:45Z" name="tearDown" finished-at="2021-06-25T19:17:46Z" duration-ms="717" status="PASS">
          <reporter-output>
          </reporter-output>
        </test-method> <!-- tearDown -->
      </class> <!-- com.synity.test.AddNewtargetTest -->
    </test> <!-- Default test -->
  </suite> <!-- Default suite -->
</testng-results>
